[2024-05-12 14:11:04,134] 15 root - INFO - Model directory created
[2024-05-12 14:11:04,134] 25 root - INFO - Model save path created
[2024-05-12 14:11:04,139] 20 root - INFO - Data folder created
[2024-05-12 14:11:05,229] 62 root - INFO - Data splited to train and test set
[2024-05-12 14:11:05,229] 53 root - INFO - Train and test dataloaders created
[2024-05-12 14:11:05,293] 31 root - INFO - Epoch: 0
-------
[2024-05-12 14:11:05,636] 92 root - INFO - Samples 0/720
[2024-05-12 14:11:06,325] 92 root - INFO - Samples 256/720
[2024-05-12 14:11:07,045] 92 root - INFO - Samples 512/720
[2024-05-12 14:11:07,826] 42 root - INFO - 
Train loss: 1.68778 | Test loss: 1.60871, Test acc: 34.90%

[2024-05-12 14:11:07,841] 98 root - INFO - Model's parameters saved

[2024-05-12 14:11:07,841] 31 root - INFO - Epoch: 1
-------
[2024-05-12 14:11:07,847] 92 root - INFO - Samples 0/720
[2024-05-12 14:11:08,564] 92 root - INFO - Samples 256/720
[2024-05-12 14:11:09,284] 92 root - INFO - Samples 512/720
[2024-05-12 14:11:10,055] 42 root - INFO - 
Train loss: 1.34136 | Test loss: 1.34475, Test acc: 44.27%

[2024-05-12 14:11:10,066] 98 root - INFO - Model's parameters saved

[2024-05-12 14:11:10,066] 31 root - INFO - Epoch: 2
-------
[2024-05-12 14:11:10,074] 92 root - INFO - Samples 0/720
[2024-05-12 14:11:10,787] 92 root - INFO - Samples 256/720
[2024-05-12 14:11:11,504] 92 root - INFO - Samples 512/720
[2024-05-12 14:11:12,268] 42 root - INFO - 
Train loss: 1.09742 | Test loss: 1.36116, Test acc: 47.40%

[2024-05-12 14:11:12,269] 31 root - INFO - Epoch: 3
-------
[2024-05-12 14:11:12,286] 92 root - INFO - Samples 0/720
[2024-05-12 14:11:13,000] 92 root - INFO - Samples 256/720
[2024-05-12 14:11:13,717] 92 root - INFO - Samples 512/720
[2024-05-12 14:11:14,482] 42 root - INFO - 
Train loss: 0.96455 | Test loss: 1.28758, Test acc: 53.65%

[2024-05-12 14:11:14,488] 98 root - INFO - Model's parameters saved

[2024-05-12 14:11:14,488] 31 root - INFO - Epoch: 4
-------
[2024-05-12 14:11:14,495] 92 root - INFO - Samples 0/720
[2024-05-12 14:11:15,211] 92 root - INFO - Samples 256/720
[2024-05-12 14:11:15,928] 92 root - INFO - Samples 512/720
[2024-05-12 14:11:16,693] 42 root - INFO - 
Train loss: 0.83647 | Test loss: 1.17027, Test acc: 54.17%

[2024-05-12 14:11:16,698] 98 root - INFO - Model's parameters saved

[2024-05-12 14:11:16,698] 31 root - INFO - Epoch: 5
-------
[2024-05-12 14:11:16,704] 92 root - INFO - Samples 0/720
[2024-05-12 14:11:17,422] 92 root - INFO - Samples 256/720
[2024-05-12 14:11:18,140] 92 root - INFO - Samples 512/720
[2024-05-12 14:11:18,905] 42 root - INFO - 
Train loss: 0.75248 | Test loss: 1.18477, Test acc: 55.73%

[2024-05-12 14:11:18,907] 31 root - INFO - Epoch: 6
-------
[2024-05-12 14:11:18,913] 92 root - INFO - Samples 0/720
[2024-05-12 14:11:19,632] 92 root - INFO - Samples 256/720
[2024-05-12 14:11:20,350] 92 root - INFO - Samples 512/720
[2024-05-12 14:11:21,117] 42 root - INFO - 
Train loss: 0.61020 | Test loss: 1.23469, Test acc: 54.17%

[2024-05-12 14:11:21,117] 31 root - INFO - Epoch: 7
-------
[2024-05-12 14:11:21,124] 92 root - INFO - Samples 0/720
[2024-05-12 14:11:21,842] 92 root - INFO - Samples 256/720
[2024-05-12 14:11:22,562] 92 root - INFO - Samples 512/720
[2024-05-12 14:11:23,326] 42 root - INFO - 
Train loss: 0.51507 | Test loss: 1.22803, Test acc: 59.90%

[2024-05-12 14:11:23,327] 31 root - INFO - Epoch: 8
-------
[2024-05-12 14:11:23,334] 92 root - INFO - Samples 0/720
[2024-05-12 14:11:24,053] 92 root - INFO - Samples 256/720
[2024-05-12 14:11:24,773] 92 root - INFO - Samples 512/720
[2024-05-12 14:11:25,537] 42 root - INFO - 
Train loss: 0.46122 | Test loss: 1.18243, Test acc: 55.21%

[2024-05-12 14:11:25,537] 31 root - INFO - Epoch: 9
-------
[2024-05-12 14:11:25,544] 92 root - INFO - Samples 0/720
[2024-05-12 14:11:26,264] 92 root - INFO - Samples 256/720
[2024-05-12 14:11:26,983] 92 root - INFO - Samples 512/720
[2024-05-12 14:11:27,749] 42 root - INFO - 
Train loss: 0.37070 | Test loss: 1.21893, Test acc: 57.81%

[2024-05-12 14:11:27,750] 49 root - INFO - 
                [INFO] Total training time: 22.457 seconds
                The Best predictions were made in epoch number 4:
                  - Test loss: 1.17027
                  - Accuracy: 54.17%
[2024-05-12 14:11:27,759] 20 root - INFO - Data folder created
[2024-05-12 14:11:27,760] 72 root - INFO - Targets splited to train and test set
[2024-05-12 14:11:27,768] 20 root - INFO - Data folder created
[2024-05-12 14:11:28,090] 37 root - INFO - Plot created
[2024-05-12 14:11:28,275] 72 root - INFO - Predictions created
[2024-05-12 14:11:28,597] 55 root - INFO - Confusion matrix created
[2024-05-12 14:11:28,602] 15 root - INFO - Model directory created
[2024-05-12 14:11:28,603] 25 root - INFO - Model save path created
[2024-05-12 14:11:28,608] 20 root - INFO - Data folder created
[2024-05-12 14:11:29,621] 62 root - INFO - Data splited to train and test set
[2024-05-12 14:11:29,622] 53 root - INFO - Train and test dataloaders created
[2024-05-12 14:11:30,008] 55 root - INFO - Model succesfully imported
[2024-05-12 14:11:30,065] 31 root - INFO - Epoch: 0
-------
[2024-05-12 14:11:30,599] 92 root - INFO - Samples 0/720
[2024-05-12 14:11:33,726] 92 root - INFO - Samples 256/720
[2024-05-12 14:11:36,973] 92 root - INFO - Samples 512/720
[2024-05-12 14:11:40,299] 42 root - INFO - 
Train loss: 1.18788 | Test loss: 0.49419, Test acc: 91.67%

[2024-05-12 14:11:40,455] 98 root - INFO - Model's parameters saved

[2024-05-12 14:11:40,455] 31 root - INFO - Epoch: 1
-------
[2024-05-12 14:11:40,550] 92 root - INFO - Samples 0/720
[2024-05-12 14:11:43,797] 92 root - INFO - Samples 256/720
[2024-05-12 14:11:47,055] 92 root - INFO - Samples 512/720
[2024-05-12 14:11:50,245] 42 root - INFO - 
Train loss: 0.25886 | Test loss: 0.09064, Test acc: 99.48%

[2024-05-12 14:11:50,418] 98 root - INFO - Model's parameters saved

[2024-05-12 14:11:50,418] 31 root - INFO - Epoch: 2
-------
[2024-05-12 14:11:50,507] 92 root - INFO - Samples 0/720
[2024-05-12 14:11:53,759] 92 root - INFO - Samples 256/720
[2024-05-12 14:11:57,019] 92 root - INFO - Samples 512/720
[2024-05-12 14:12:00,213] 42 root - INFO - 
Train loss: 0.07166 | Test loss: 0.03103, Test acc: 98.96%

[2024-05-12 14:12:00,213] 31 root - INFO - Epoch: 3
-------
[2024-05-12 14:12:00,313] 92 root - INFO - Samples 0/720
[2024-05-12 14:12:03,563] 92 root - INFO - Samples 256/720
[2024-05-12 14:12:06,818] 92 root - INFO - Samples 512/720
[2024-05-12 14:12:10,013] 42 root - INFO - 
Train loss: 0.06187 | Test loss: 0.03429, Test acc: 98.96%

[2024-05-12 14:12:10,013] 31 root - INFO - Epoch: 4
-------
[2024-05-12 14:12:10,106] 92 root - INFO - Samples 0/720
[2024-05-12 14:12:13,367] 92 root - INFO - Samples 256/720
[2024-05-12 14:12:16,634] 92 root - INFO - Samples 512/720
[2024-05-12 14:12:19,835] 42 root - INFO - 
Train loss: 0.02952 | Test loss: 0.01602, Test acc: 100.00%

[2024-05-12 14:12:19,989] 98 root - INFO - Model's parameters saved

[2024-05-12 14:12:19,990] 31 root - INFO - Epoch: 5
-------
[2024-05-12 14:12:20,109] 92 root - INFO - Samples 0/720
[2024-05-12 14:12:23,345] 92 root - INFO - Samples 256/720
[2024-05-12 14:12:26,615] 92 root - INFO - Samples 512/720
[2024-05-12 14:12:29,823] 42 root - INFO - 
Train loss: 0.02960 | Test loss: 0.01488, Test acc: 99.48%

[2024-05-12 14:12:29,823] 31 root - INFO - Epoch: 6
-------
[2024-05-12 14:12:29,918] 92 root - INFO - Samples 0/720
[2024-05-12 14:12:33,183] 92 root - INFO - Samples 256/720
[2024-05-12 14:12:36,459] 92 root - INFO - Samples 512/720
[2024-05-12 14:12:39,669] 42 root - INFO - 
Train loss: 0.03227 | Test loss: 0.01504, Test acc: 99.48%

[2024-05-12 14:12:39,669] 31 root - INFO - Epoch: 7
-------
[2024-05-12 14:12:39,764] 92 root - INFO - Samples 0/720
[2024-05-12 14:12:43,039] 92 root - INFO - Samples 256/720
[2024-05-12 14:12:46,304] 92 root - INFO - Samples 512/720
[2024-05-12 14:12:49,513] 42 root - INFO - 
Train loss: 0.02671 | Test loss: 0.01662, Test acc: 99.48%

[2024-05-12 14:12:49,513] 31 root - INFO - Epoch: 8
-------
[2024-05-12 14:12:49,626] 92 root - INFO - Samples 0/720
[2024-05-12 14:12:52,877] 92 root - INFO - Samples 256/720
[2024-05-12 14:12:56,157] 92 root - INFO - Samples 512/720
[2024-05-12 14:12:59,365] 42 root - INFO - 
Train loss: 0.03015 | Test loss: 0.00382, Test acc: 100.00%

[2024-05-12 14:12:59,524] 98 root - INFO - Model's parameters saved

[2024-05-12 14:12:59,524] 31 root - INFO - Epoch: 9
-------
[2024-05-12 14:12:59,622] 92 root - INFO - Samples 0/720
[2024-05-12 14:13:02,892] 92 root - INFO - Samples 256/720
[2024-05-12 14:13:06,165] 92 root - INFO - Samples 512/720
[2024-05-12 14:13:09,387] 42 root - INFO - 
Train loss: 0.01063 | Test loss: 0.01096, Test acc: 99.48%

[2024-05-12 14:13:09,387] 49 root - INFO - 
                [INFO] Total training time: 99.323 seconds
                The Best predictions were made in epoch number 8:
                  - Test loss: 0.00382
                  - Accuracy: 100.00%
[2024-05-12 14:13:09,395] 20 root - INFO - Data folder created
[2024-05-12 14:13:09,395] 72 root - INFO - Targets splited to train and test set
[2024-05-12 14:13:09,402] 20 root - INFO - Data folder created
[2024-05-12 14:13:09,890] 37 root - INFO - Plot created
[2024-05-12 14:13:10,773] 72 root - INFO - Predictions created
[2024-05-12 14:13:11,029] 55 root - INFO - Confusion matrix created
